<?xml version="1.0" encoding="UTF-8"?>
<coverage generated="1502907774726" clover="3.2.0">
  <project timestamp="1502907774726" name="All files">
    <metrics statements="148" coveredstatements="147" conditionals="74" coveredconditionals="71" methods="10" coveredmethods="10" elements="232" coveredelements="228" complexity="0" loc="148" ncloc="148" packages="2" files="6" classes="6">
      <package name="js">
        <metrics statements="23" coveredstatements="23" conditionals="18" coveredconditionals="17" methods="3" coveredmethods="3"/>
        <file name="common.js" path="/home/tim/shadowcraft-ui-react/shadowcraft_ui/js/common.js">
          <metrics statements="23" coveredstatements="23" conditionals="18" coveredconditionals="17" methods="3" coveredmethods="3"/>
          <line num="1" count="2" type="stmt"/>
          <line num="69" count="4" type="stmt"/>
          <line num="72" count="2" type="stmt"/>
          <line num="115" count="5" type="cond" truecount="2" falsecount="0"/>
          <line num="116" count="4" type="stmt"/>
          <line num="117" count="4" type="stmt"/>
          <line num="118" count="4" type="stmt"/>
          <line num="120" count="4" type="stmt"/>
          <line num="121" count="4" type="stmt"/>
          <line num="122" count="4" type="cond" truecount="2" falsecount="0"/>
          <line num="123" count="1" type="stmt"/>
          <line num="126" count="3" type="cond" truecount="4" falsecount="0"/>
          <line num="127" count="1" type="stmt"/>
          <line num="130" count="3" type="stmt"/>
          <line num="135" count="1" type="stmt"/>
          <line num="138" count="5" type="stmt"/>
          <line num="142" count="5" type="stmt"/>
          <line num="144" count="5" type="cond" truecount="1" falsecount="1"/>
          <line num="145" count="5" type="cond" truecount="2" falsecount="0"/>
          <line num="146" count="5" type="cond" truecount="2" falsecount="0"/>
          <line num="147" count="5" type="cond" truecount="2" falsecount="0"/>
          <line num="148" count="5" type="cond" truecount="2" falsecount="0"/>
          <line num="150" count="5" type="stmt"/>
        </file>
      </package>
      <package name="js.reducers">
        <metrics statements="125" coveredstatements="124" conditionals="56" coveredconditionals="54" methods="7" coveredmethods="7"/>
        <file name="characterReducer.js" path="/home/tim/shadowcraft-ui-react/shadowcraft_ui/js/reducers/characterReducer.js">
          <metrics statements="78" coveredstatements="77" conditionals="38" coveredconditionals="36" methods="2" coveredmethods="2"/>
          <line num="4" count="1" type="stmt"/>
          <line num="20" count="4" type="stmt"/>
          <line num="29" count="4" type="stmt"/>
          <line num="30" count="4" type="stmt"/>
          <line num="31" count="4" type="stmt"/>
          <line num="34" count="4" type="stmt"/>
          <line num="36" count="4" type="stmt"/>
          <line num="39" count="1" type="cond" truecount="1" falsecount="0"/>
          <line num="41" count="20" type="cond" truecount="11" falsecount="0"/>
          <line num="44" count="1" type="stmt"/>
          <line num="48" count="1" type="stmt"/>
          <line num="54" count="3" type="stmt"/>
          <line num="55" count="3" type="cond" truecount="2" falsecount="0"/>
          <line num="56" count="2" type="stmt"/>
          <line num="60" count="3" type="cond" truecount="2" falsecount="0"/>
          <line num="62" count="2" type="stmt"/>
          <line num="64" count="2" type="stmt"/>
          <line num="66" count="2" type="stmt"/>
          <line num="67" count="2" type="stmt"/>
          <line num="68" count="2" type="stmt"/>
          <line num="70" count="2" type="stmt"/>
          <line num="71" count="2" type="stmt"/>
          <line num="72" count="2" type="stmt"/>
          <line num="75" count="3" type="stmt"/>
          <line num="78" count="3" type="stmt"/>
          <line num="80" count="3" type="stmt"/>
          <line num="84" count="1" type="stmt"/>
          <line num="88" count="1" type="stmt"/>
          <line num="93" count="1" type="stmt"/>
          <line num="95" count="1" type="stmt"/>
          <line num="96" count="1" type="stmt"/>
          <line num="97" count="1" type="stmt"/>
          <line num="98" count="1" type="stmt"/>
          <line num="99" count="1" type="stmt"/>
          <line num="100" count="1" type="stmt"/>
          <line num="101" count="1" type="stmt"/>
          <line num="102" count="1" type="stmt"/>
          <line num="105" count="1" type="stmt"/>
          <line num="106" count="1" type="stmt"/>
          <line num="108" count="1" type="stmt"/>
          <line num="109" count="1" type="stmt"/>
          <line num="114" count="6" type="stmt"/>
          <line num="121" count="6" type="cond" truecount="2" falsecount="0"/>
          <line num="122" count="3" type="cond" truecount="2" falsecount="0"/>
          <line num="123" count="1" type="stmt"/>
          <line num="124" count="1" type="stmt"/>
          <line num="126" count="2" type="cond" truecount="2" falsecount="0"/>
          <line num="127" count="1" type="stmt"/>
          <line num="128" count="1" type="stmt"/>
          <line num="132" count="6" type="cond" truecount="2" falsecount="0"/>
          <line num="133" count="1" type="stmt"/>
          <line num="136" count="5" type="stmt"/>
          <line num="139" count="6" type="stmt"/>
          <line num="144" count="1" type="stmt"/>
          <line num="149" count="1" type="stmt"/>
          <line num="154" count="2" type="stmt"/>
          <line num="155" count="2" type="stmt"/>
          <line num="159" count="2" type="stmt"/>
          <line num="160" count="2" type="stmt"/>
          <line num="161" count="2" type="stmt"/>
          <line num="162" count="6" type="stmt"/>
          <line num="163" count="8" type="cond" truecount="2" falsecount="0"/>
          <line num="164" count="2" type="stmt"/>
          <line num="167" count="8" type="cond" truecount="2" falsecount="0"/>
          <line num="168" count="1" type="stmt"/>
          <line num="169" count="7" type="cond" truecount="3" falsecount="1"/>
          <line num="170" count="7" type="stmt"/>
          <line num="176" count="2" type="cond" truecount="4" falsecount="0"/>
          <line num="177" count="1" type="stmt"/>
          <line num="181" count="2" type="cond" truecount="1" falsecount="1"/>
          <line num="182" count="2" type="stmt"/>
          <line num="185" count="0" type="stmt"/>
          <line num="191" count="1" type="stmt"/>
          <line num="192" count="1" type="stmt"/>
          <line num="193" count="1" type="stmt"/>
          <line num="194" count="1" type="stmt"/>
          <line num="196" count="1" type="stmt"/>
          <line num="200" count="1" type="stmt"/>
        </file>
        <file name="engineReducer.js" path="/home/tim/shadowcraft-ui-react/shadowcraft_ui/js/reducers/engineReducer.js">
          <metrics statements="6" coveredstatements="6" conditionals="2" coveredconditionals="2" methods="1" coveredmethods="1"/>
          <line num="1" count="1" type="stmt"/>
          <line num="39" count="1" type="stmt"/>
          <line num="43" count="1" type="cond" truecount="1" falsecount="0"/>
          <line num="45" count="2" type="cond" truecount="1" falsecount="0"/>
          <line num="47" count="1" type="stmt"/>
          <line num="50" count="1" type="stmt"/>
        </file>
        <file name="historyReducer.js" path="/home/tim/shadowcraft-ui-react/shadowcraft_ui/js/reducers/historyReducer.js">
          <metrics statements="10" coveredstatements="10" conditionals="3" coveredconditionals="3" methods="1" coveredmethods="1"/>
          <line num="1" count="1" type="stmt"/>
          <line num="6" count="1" type="stmt"/>
          <line num="11" count="1" type="cond" truecount="1" falsecount="0"/>
          <line num="12" count="3" type="cond" truecount="2" falsecount="0"/>
          <line num="15" count="1" type="stmt"/>
          <line num="19" count="1" type="stmt"/>
          <line num="20" count="1" type="stmt"/>
          <line num="21" count="1" type="stmt"/>
          <line num="27" count="1" type="stmt"/>
          <line num="31" count="1" type="stmt"/>
        </file>
        <file name="settingsReducer.js" path="/home/tim/shadowcraft-ui-react/shadowcraft_ui/js/reducers/settingsReducer.js">
          <metrics statements="23" coveredstatements="23" conditionals="8" coveredconditionals="8" methods="1" coveredmethods="1"/>
          <line num="1" count="1" type="stmt"/>
          <line num="7" count="1" type="cond" truecount="1" falsecount="0"/>
          <line num="9" count="6" type="cond" truecount="3" falsecount="0"/>
          <line num="12" count="1" type="stmt"/>
          <line num="13" count="1" type="stmt"/>
          <line num="14" count="1" type="stmt"/>
          <line num="15" count="1" type="stmt"/>
          <line num="16" count="1" type="stmt"/>
          <line num="22" count="3" type="stmt"/>
          <line num="23" count="3" type="cond" truecount="2" falsecount="0"/>
          <line num="24" count="1" type="stmt"/>
          <line num="27" count="3" type="stmt"/>
          <line num="28" count="3" type="stmt"/>
          <line num="29" count="3" type="stmt"/>
          <line num="30" count="3" type="stmt"/>
          <line num="31" count="3" type="stmt"/>
          <line num="32" count="3" type="cond" truecount="2" falsecount="0"/>
          <line num="33" count="2" type="stmt"/>
          <line num="38" count="3" type="stmt"/>
          <line num="45" count="1" type="stmt"/>
          <line num="46" count="1" type="stmt"/>
          <line num="47" count="1" type="stmt"/>
          <line num="51" count="1" type="stmt"/>
        </file>
        <file name="warningsReducer.js" path="/home/tim/shadowcraft-ui-react/shadowcraft_ui/js/reducers/warningsReducer.js">
          <metrics statements="8" coveredstatements="8" conditionals="5" coveredconditionals="5" methods="2" coveredmethods="2"/>
          <line num="4" count="1" type="stmt"/>
          <line num="8" count="1" type="stmt"/>
          <line num="13" count="1" type="cond" truecount="1" falsecount="0"/>
          <line num="14" count="4" type="cond" truecount="2" falsecount="0"/>
          <line num="16" count="1" type="stmt"/>
          <line num="20" count="2" type="cond" truecount="2" falsecount="0"/>
          <line num="21" count="1" type="stmt"/>
          <line num="26" count="2" type="stmt"/>
        </file>
      </package>
    </metrics>
  </project>
</coverage>
