{"C:\\Users\\mcore\\Source\\Repos\\shadowcraft-ui-react\\shadowcraft_ui\\js\\common.js": {"path":"C:\\Users\\mcore\\Source\\Repos\\shadowcraft-ui-react\\shadowcraft_ui\\js\\common.js","statementMap":{"0":{"start":{"line":1,"column":25},"end":{"line":65,"column":1}},"1":{"start":{"line":69,"column":4},"end":{"line":69,"column":71}},"2":{"start":{"line":76,"column":4},"end":{"line":97,"column":5}},"3":{"start":{"line":77,"column":8},"end":{"line":77,"column":22}},"4":{"start":{"line":78,"column":29},"end":{"line":78,"column":71}},"5":{"start":{"line":79,"column":34},"end":{"line":79,"column":89}},"6":{"start":{"line":81,"column":8},"end":{"line":92,"column":9}},"7":{"start":{"line":82,"column":12},"end":{"line":82,"column":45}},"8":{"start":{"line":83,"column":12},"end":{"line":85,"column":13}},"9":{"start":{"line":84,"column":16},"end":{"line":84,"column":25}},"10":{"start":{"line":87,"column":12},"end":{"line":89,"column":13}},"11":{"start":{"line":88,"column":16},"end":{"line":88,"column":54}},"12":{"start":{"line":91,"column":12},"end":{"line":91,"column":73}},"13":{"start":{"line":96,"column":8},"end":{"line":96,"column":48}},"14":{"start":{"line":99,"column":4},"end":{"line":99,"column":20}}},"fnMap":{"0":{"name":"getArtifactIlvlChange","decl":{"start":{"line":67,"column":16},"end":{"line":67,"column":37}},"loc":{"start":{"line":68,"column":0},"end":{"line":70,"column":1}},"line":68},"1":{"name":"recalculateStats","decl":{"start":{"line":73,"column":16},"end":{"line":73,"column":32}},"loc":{"start":{"line":73,"column":56},"end":{"line":100,"column":1}},"line":73}},"branchMap":{"0":{"loc":{"start":{"line":76,"column":4},"end":{"line":97,"column":5}},"type":"if","locations":[{"start":{"line":76,"column":4},"end":{"line":97,"column":5}},{"start":{"line":76,"column":4},"end":{"line":97,"column":5}}],"line":76},"1":{"loc":{"start":{"line":83,"column":12},"end":{"line":85,"column":13}},"type":"if","locations":[{"start":{"line":83,"column":12},"end":{"line":85,"column":13}},{"start":{"line":83,"column":12},"end":{"line":85,"column":13}}],"line":83},"2":{"loc":{"start":{"line":87,"column":12},"end":{"line":89,"column":13}},"type":"if","locations":[{"start":{"line":87,"column":12},"end":{"line":89,"column":13}},{"start":{"line":87,"column":12},"end":{"line":89,"column":13}}],"line":87},"3":{"loc":{"start":{"line":87,"column":16},"end":{"line":87,"column":54}},"type":"binary-expr","locations":[{"start":{"line":87,"column":16},"end":{"line":87,"column":33}},{"start":{"line":87,"column":37},"end":{"line":87,"column":54}}],"line":87}},"s":{"0":1,"1":2,"2":0,"3":0,"4":0,"5":0,"6":0,"7":0,"8":0,"9":0,"10":0,"11":0,"12":0,"13":0,"14":0},"f":{"0":2,"1":0},"b":{"0":[0,0],"1":[0,0],"2":[0,0],"3":[0,0]},"_coverageSchema":"332fd63041d2c1bcb487cc26dd0d5f7d97098a6c","hash":"25c4971ad912cacf9101c725d359ecc34189fc2e"}
,"C:\\Users\\mcore\\Source\\Repos\\shadowcraft-ui-react\\shadowcraft_ui\\js\\reducers\\characterReducer.js": {"path":"C:\\Users\\mcore\\Source\\Repos\\shadowcraft-ui-react\\shadowcraft_ui\\js\\reducers\\characterReducer.js","statementMap":{"0":{"start":{"line":4,"column":36},"end":{"line":12,"column":1}},"1":{"start":{"line":14,"column":32},"end":{"line":123,"column":1}},"2":{"start":{"line":16,"column":4},"end":{"line":120,"column":5}},"3":{"start":{"line":19,"column":12},"end":{"line":19,"column":57}},"4":{"start":{"line":23,"column":27},"end":{"line":23,"column":43}},"5":{"start":{"line":24,"column":12},"end":{"line":24,"column":51}},"6":{"start":{"line":25,"column":12},"end":{"line":25,"column":54}},"7":{"start":{"line":29,"column":27},"end":{"line":29,"column":51}},"8":{"start":{"line":30,"column":12},"end":{"line":32,"column":13}},"9":{"start":{"line":31,"column":16},"end":{"line":31,"column":93}},"10":{"start":{"line":35,"column":12},"end":{"line":48,"column":13}},"11":{"start":{"line":37,"column":29},"end":{"line":37,"column":117}},"12":{"start":{"line":39,"column":16},"end":{"line":39,"column":83}},"13":{"start":{"line":41,"column":16},"end":{"line":41,"column":63}},"14":{"start":{"line":42,"column":16},"end":{"line":42,"column":68}},"15":{"start":{"line":43,"column":16},"end":{"line":43,"column":80}},"16":{"start":{"line":45,"column":16},"end":{"line":45,"column":62}},"17":{"start":{"line":46,"column":16},"end":{"line":46,"column":67}},"18":{"start":{"line":47,"column":16},"end":{"line":47,"column":79}},"19":{"start":{"line":50,"column":12},"end":{"line":50,"column":78}},"20":{"start":{"line":53,"column":12},"end":{"line":53,"column":61}},"21":{"start":{"line":55,"column":12},"end":{"line":55,"column":54}},"22":{"start":{"line":59,"column":12},"end":{"line":61,"column":15}},"23":{"start":{"line":65,"column":27},"end":{"line":65,"column":43}},"24":{"start":{"line":66,"column":12},"end":{"line":66,"column":51}},"25":{"start":{"line":67,"column":12},"end":{"line":67,"column":54}},"26":{"start":{"line":79,"column":23},"end":{"line":79,"column":70}},"27":{"start":{"line":80,"column":12},"end":{"line":80,"column":56}},"28":{"start":{"line":81,"column":12},"end":{"line":81,"column":30}},"29":{"start":{"line":82,"column":12},"end":{"line":82,"column":57}},"30":{"start":{"line":83,"column":12},"end":{"line":83,"column":49}},"31":{"start":{"line":84,"column":12},"end":{"line":84,"column":58}},"32":{"start":{"line":85,"column":12},"end":{"line":85,"column":57}},"33":{"start":{"line":86,"column":12},"end":{"line":86,"column":63}},"34":{"start":{"line":87,"column":12},"end":{"line":87,"column":59}},"35":{"start":{"line":88,"column":12},"end":{"line":88,"column":73}},"36":{"start":{"line":91,"column":12},"end":{"line":91,"column":53}},"37":{"start":{"line":92,"column":12},"end":{"line":92,"column":30}},"38":{"start":{"line":94,"column":23},"end":{"line":94,"column":82}},"39":{"start":{"line":95,"column":12},"end":{"line":95,"column":60}},"40":{"start":{"line":99,"column":26},"end":{"line":99,"column":55}},"41":{"start":{"line":100,"column":12},"end":{"line":100,"column":68}},"42":{"start":{"line":101,"column":12},"end":{"line":101,"column":67}},"43":{"start":{"line":102,"column":12},"end":{"line":102,"column":67}},"44":{"start":{"line":107,"column":12},"end":{"line":116,"column":13}},"45":{"start":{"line":108,"column":16},"end":{"line":115,"column":17}},"46":{"start":{"line":109,"column":20},"end":{"line":109,"column":57}},"47":{"start":{"line":110,"column":20},"end":{"line":110,"column":63}},"48":{"start":{"line":112,"column":21},"end":{"line":115,"column":17}},"49":{"start":{"line":113,"column":20},"end":{"line":113,"column":57}},"50":{"start":{"line":114,"column":20},"end":{"line":114,"column":63}},"51":{"start":{"line":118,"column":12},"end":{"line":118,"column":63}},"52":{"start":{"line":122,"column":4},"end":{"line":122,"column":17}}},"fnMap":{"0":{"name":"(anonymous_0)","decl":{"start":{"line":14,"column":32},"end":{"line":14,"column":33}},"loc":{"start":{"line":14,"column":62},"end":{"line":123,"column":1}},"line":14}},"branchMap":{"0":{"loc":{"start":{"line":14,"column":42},"end":{"line":14,"column":52}},"type":"default-arg","locations":[{"start":{"line":14,"column":50},"end":{"line":14,"column":52}}],"line":14},"1":{"loc":{"start":{"line":16,"column":4},"end":{"line":120,"column":5}},"type":"switch","locations":[{"start":{"line":18,"column":8},"end":{"line":20,"column":9}},{"start":{"line":22,"column":8},"end":{"line":26,"column":9}},{"start":{"line":28,"column":8},"end":{"line":56,"column":9}},{"start":{"line":58,"column":8},"end":{"line":62,"column":9}},{"start":{"line":64,"column":8},"end":{"line":68,"column":9}},{"start":{"line":70,"column":8},"end":{"line":96,"column":9}},{"start":{"line":98,"column":8},"end":{"line":119,"column":9}}],"line":16},"2":{"loc":{"start":{"line":30,"column":12},"end":{"line":32,"column":13}},"type":"if","locations":[{"start":{"line":30,"column":12},"end":{"line":32,"column":13}},{"start":{"line":30,"column":12},"end":{"line":32,"column":13}}],"line":30},"3":{"loc":{"start":{"line":35,"column":12},"end":{"line":48,"column":13}},"type":"if","locations":[{"start":{"line":35,"column":12},"end":{"line":48,"column":13}},{"start":{"line":35,"column":12},"end":{"line":48,"column":13}}],"line":35},"4":{"loc":{"start":{"line":107,"column":12},"end":{"line":116,"column":13}},"type":"if","locations":[{"start":{"line":107,"column":12},"end":{"line":116,"column":13}},{"start":{"line":107,"column":12},"end":{"line":116,"column":13}}],"line":107},"5":{"loc":{"start":{"line":108,"column":16},"end":{"line":115,"column":17}},"type":"if","locations":[{"start":{"line":108,"column":16},"end":{"line":115,"column":17}},{"start":{"line":108,"column":16},"end":{"line":115,"column":17}}],"line":108},"6":{"loc":{"start":{"line":112,"column":21},"end":{"line":115,"column":17}},"type":"if","locations":[{"start":{"line":112,"column":21},"end":{"line":115,"column":17}},{"start":{"line":112,"column":21},"end":{"line":115,"column":17}}],"line":112}},"s":{"0":1,"1":1,"2":13,"3":1,"4":1,"5":1,"6":1,"7":3,"8":3,"9":2,"10":3,"11":2,"12":2,"13":2,"14":2,"15":2,"16":2,"17":2,"18":2,"19":3,"20":3,"21":3,"22":1,"23":1,"24":1,"25":1,"26":1,"27":1,"28":1,"29":1,"30":1,"31":1,"32":1,"33":1,"34":1,"35":1,"36":1,"37":1,"38":1,"39":1,"40":4,"41":4,"42":4,"43":4,"44":4,"45":3,"46":1,"47":1,"48":2,"49":1,"50":1,"51":4,"52":1},"f":{"0":13},"b":{"0":[1],"1":[1,1,3,1,1,1,4],"2":[2,1],"3":[2,1],"4":[3,1],"5":[1,2],"6":[1,1]},"_coverageSchema":"332fd63041d2c1bcb487cc26dd0d5f7d97098a6c","hash":"e81fd233feb0087454bda80897802d76d6370ce3"}
,"C:\\Users\\mcore\\Source\\Repos\\shadowcraft-ui-react\\shadowcraft_ui\\js\\reducers\\engineReducer.js": {"path":"C:\\Users\\mcore\\Source\\Repos\\shadowcraft-ui-react\\shadowcraft_ui\\js\\reducers\\engineReducer.js","statementMap":{"0":{"start":{"line":1,"column":27},"end":{"line":37,"column":1}},"1":{"start":{"line":39,"column":33},"end":{"line":41,"column":1}},"2":{"start":{"line":43,"column":29},"end":{"line":51,"column":1}},"3":{"start":{"line":45,"column":4},"end":{"line":48,"column":5}},"4":{"start":{"line":47,"column":12},"end":{"line":47,"column":61}},"5":{"start":{"line":50,"column":4},"end":{"line":50,"column":17}}},"fnMap":{"0":{"name":"(anonymous_0)","decl":{"start":{"line":43,"column":29},"end":{"line":43,"column":30}},"loc":{"start":{"line":43,"column":75},"end":{"line":51,"column":1}},"line":43}},"branchMap":{"0":{"loc":{"start":{"line":43,"column":39},"end":{"line":43,"column":65}},"type":"default-arg","locations":[{"start":{"line":43,"column":47},"end":{"line":43,"column":65}}],"line":43},"1":{"loc":{"start":{"line":45,"column":4},"end":{"line":48,"column":5}},"type":"switch","locations":[{"start":{"line":46,"column":8},"end":{"line":47,"column":61}}],"line":45}},"s":{"0":1,"1":1,"2":1,"3":2,"4":1,"5":1},"f":{"0":2},"b":{"0":[1],"1":[1]},"_coverageSchema":"332fd63041d2c1bcb487cc26dd0d5f7d97098a6c","hash":"62f64a95c8378823c53cbfa21b96f2bcf0ef3eda"}
,"C:\\Users\\mcore\\Source\\Repos\\shadowcraft-ui-react\\shadowcraft_ui\\js\\reducers\\historyReducer.js": {"path":"C:\\Users\\mcore\\Source\\Repos\\shadowcraft-ui-react\\shadowcraft_ui\\js\\reducers\\historyReducer.js","statementMap":{"0":{"start":{"line":1,"column":35},"end":{"line":4,"column":1}},"1":{"start":{"line":6,"column":34},"end":{"line":9,"column":1}},"2":{"start":{"line":11,"column":30},"end":{"line":32,"column":1}},"3":{"start":{"line":12,"column":4},"end":{"line":29,"column":5}},"4":{"start":{"line":14,"column":27},"end":{"line":14,"column":32}},"5":{"start":{"line":15,"column":12},"end":{"line":15,"column":30}},"6":{"start":{"line":16,"column":12},"end":{"line":16,"column":31}},"7":{"start":{"line":17,"column":12},"end":{"line":17,"column":54}},"8":{"start":{"line":21,"column":27},"end":{"line":21,"column":32}},"9":{"start":{"line":22,"column":12},"end":{"line":22,"column":68}},"10":{"start":{"line":23,"column":12},"end":{"line":26,"column":15}},"11":{"start":{"line":27,"column":12},"end":{"line":27,"column":54}},"12":{"start":{"line":31,"column":4},"end":{"line":31,"column":17}}},"fnMap":{"0":{"name":"(anonymous_0)","decl":{"start":{"line":11,"column":30},"end":{"line":11,"column":31}},"loc":{"start":{"line":11,"column":77},"end":{"line":32,"column":1}},"line":11}},"branchMap":{"0":{"loc":{"start":{"line":11,"column":40},"end":{"line":11,"column":67}},"type":"default-arg","locations":[{"start":{"line":11,"column":48},"end":{"line":11,"column":67}}],"line":11},"1":{"loc":{"start":{"line":12,"column":4},"end":{"line":29,"column":5}},"type":"switch","locations":[{"start":{"line":13,"column":8},"end":{"line":18,"column":9}},{"start":{"line":20,"column":8},"end":{"line":28,"column":9}}],"line":12}},"s":{"0":1,"1":1,"2":1,"3":3,"4":1,"5":1,"6":1,"7":1,"8":1,"9":1,"10":1,"11":1,"12":1},"f":{"0":3},"b":{"0":[1],"1":[1,1]},"_coverageSchema":"332fd63041d2c1bcb487cc26dd0d5f7d97098a6c","hash":"f85d250f45e1102f0bbb02d9cfa41c4384edc86e"}
,"C:\\Users\\mcore\\Source\\Repos\\shadowcraft-ui-react\\shadowcraft_ui\\js\\reducers\\settingsReducer.js": {"path":"C:\\Users\\mcore\\Source\\Repos\\shadowcraft-ui-react\\shadowcraft_ui\\js\\reducers\\settingsReducer.js","statementMap":{"0":{"start":{"line":1,"column":35},"end":{"line":5,"column":1}},"1":{"start":{"line":7,"column":31},"end":{"line":50,"column":1}},"2":{"start":{"line":9,"column":4},"end":{"line":47,"column":5}},"3":{"start":{"line":12,"column":29},"end":{"line":12,"column":61}},"4":{"start":{"line":13,"column":12},"end":{"line":13,"column":54}},"5":{"start":{"line":14,"column":27},"end":{"line":14,"column":51}},"6":{"start":{"line":15,"column":12},"end":{"line":15,"column":42}},"7":{"start":{"line":16,"column":12},"end":{"line":16,"column":28}},"8":{"start":{"line":22,"column":26},"end":{"line":22,"column":39}},"9":{"start":{"line":23,"column":12},"end":{"line":25,"column":13}},"10":{"start":{"line":24,"column":16},"end":{"line":24,"column":29}},"11":{"start":{"line":27,"column":12},"end":{"line":36,"column":13}},"12":{"start":{"line":28,"column":30},"end":{"line":28,"column":48}},"13":{"start":{"line":29,"column":16},"end":{"line":35,"column":17}},"14":{"start":{"line":30,"column":31},"end":{"line":30,"column":56}},"15":{"start":{"line":31,"column":30},"end":{"line":31,"column":39}},"16":{"start":{"line":32,"column":20},"end":{"line":34,"column":21}},"17":{"start":{"line":33,"column":24},"end":{"line":33,"column":52}},"18":{"start":{"line":38,"column":12},"end":{"line":41,"column":15}},"19":{"start":{"line":45,"column":12},"end":{"line":45,"column":57}},"20":{"start":{"line":49,"column":4},"end":{"line":49,"column":17}}},"fnMap":{"0":{"name":"(anonymous_0)","decl":{"start":{"line":7,"column":31},"end":{"line":7,"column":32}},"loc":{"start":{"line":7,"column":61},"end":{"line":50,"column":1}},"line":7}},"branchMap":{"0":{"loc":{"start":{"line":7,"column":41},"end":{"line":7,"column":51}},"type":"default-arg","locations":[{"start":{"line":7,"column":49},"end":{"line":7,"column":51}}],"line":7},"1":{"loc":{"start":{"line":9,"column":4},"end":{"line":47,"column":5}},"type":"switch","locations":[{"start":{"line":11,"column":8},"end":{"line":17,"column":9}},{"start":{"line":19,"column":8},"end":{"line":42,"column":9}},{"start":{"line":44,"column":8},"end":{"line":46,"column":9}}],"line":9},"2":{"loc":{"start":{"line":23,"column":12},"end":{"line":25,"column":13}},"type":"if","locations":[{"start":{"line":23,"column":12},"end":{"line":25,"column":13}},{"start":{"line":23,"column":12},"end":{"line":25,"column":13}}],"line":23},"3":{"loc":{"start":{"line":32,"column":20},"end":{"line":34,"column":21}},"type":"if","locations":[{"start":{"line":32,"column":20},"end":{"line":34,"column":21}},{"start":{"line":32,"column":20},"end":{"line":34,"column":21}}],"line":32}},"s":{"0":1,"1":1,"2":4,"3":1,"4":1,"5":1,"6":1,"7":1,"8":1,"9":1,"10":1,"11":1,"12":1,"13":1,"14":1,"15":1,"16":1,"17":1,"18":1,"19":1,"20":1},"f":{"0":4},"b":{"0":[1],"1":[1,1,1],"2":[1,0],"3":[1,0]},"_coverageSchema":"332fd63041d2c1bcb487cc26dd0d5f7d97098a6c","hash":"ef891aa29275e718ee4db58f2ab12e83f5bccbf3"}
,"C:\\Users\\mcore\\Source\\Repos\\shadowcraft-ui-react\\shadowcraft_ui\\js\\reducers\\warningsReducer.js": {"path":"C:\\Users\\mcore\\Source\\Repos\\shadowcraft-ui-react\\shadowcraft_ui\\js\\reducers\\warningsReducer.js","statementMap":{"0":{"start":{"line":1,"column":36},"end":{"line":5,"column":1}},"1":{"start":{"line":7,"column":35},"end":{"line":10,"column":1}},"2":{"start":{"line":12,"column":31},"end":{"line":24,"column":1}},"3":{"start":{"line":13,"column":4},"end":{"line":21,"column":5}},"4":{"start":{"line":15,"column":27},"end":{"line":15,"column":32}},"5":{"start":{"line":16,"column":12},"end":{"line":16,"column":35}},"6":{"start":{"line":17,"column":12},"end":{"line":17,"column":54}},"7":{"start":{"line":20,"column":12},"end":{"line":20,"column":25}},"8":{"start":{"line":23,"column":4},"end":{"line":23,"column":17}}},"fnMap":{"0":{"name":"(anonymous_0)","decl":{"start":{"line":12,"column":31},"end":{"line":12,"column":32}},"loc":{"start":{"line":12,"column":79},"end":{"line":24,"column":1}},"line":12}},"branchMap":{"0":{"loc":{"start":{"line":12,"column":41},"end":{"line":12,"column":69}},"type":"default-arg","locations":[{"start":{"line":12,"column":49},"end":{"line":12,"column":69}}],"line":12},"1":{"loc":{"start":{"line":13,"column":4},"end":{"line":21,"column":5}},"type":"switch","locations":[{"start":{"line":14,"column":8},"end":{"line":17,"column":54}},{"start":{"line":19,"column":8},"end":{"line":20,"column":25}}],"line":13}},"s":{"0":1,"1":1,"2":1,"3":3,"4":1,"5":1,"6":1,"7":1,"8":1},"f":{"0":3},"b":{"0":[1],"1":[1,1]},"_coverageSchema":"332fd63041d2c1bcb487cc26dd0d5f7d97098a6c","hash":"09ea6eefaae16ebdf61b1acde798f8f7632aa874"}
}
