{"/home/tim/shadowcraft-ui-react/shadowcraft_ui/js/common.js": {"path":"/home/tim/shadowcraft-ui-react/shadowcraft_ui/js/common.js","statementMap":{"0":{"start":{"line":1,"column":25},"end":{"line":65,"column":1}},"1":{"start":{"line":69,"column":4},"end":{"line":69,"column":71}},"2":{"start":{"line":72,"column":31},"end":{"line":109,"column":1}},"3":{"start":{"line":115,"column":4},"end":{"line":136,"column":5}},"4":{"start":{"line":116,"column":8},"end":{"line":116,"column":22}},"5":{"start":{"line":117,"column":29},"end":{"line":117,"column":71}},"6":{"start":{"line":118,"column":34},"end":{"line":118,"column":89}},"7":{"start":{"line":120,"column":8},"end":{"line":131,"column":9}},"8":{"start":{"line":121,"column":12},"end":{"line":121,"column":45}},"9":{"start":{"line":122,"column":12},"end":{"line":124,"column":13}},"10":{"start":{"line":123,"column":16},"end":{"line":123,"column":25}},"11":{"start":{"line":126,"column":12},"end":{"line":128,"column":13}},"12":{"start":{"line":127,"column":16},"end":{"line":127,"column":54}},"13":{"start":{"line":130,"column":12},"end":{"line":130,"column":73}},"14":{"start":{"line":135,"column":8},"end":{"line":135,"column":48}},"15":{"start":{"line":138,"column":4},"end":{"line":138,"column":20}},"16":{"start":{"line":142,"column":16},"end":{"line":142,"column":17}},"17":{"start":{"line":144,"column":4},"end":{"line":144,"column":48}},"18":{"start":{"line":145,"column":4},"end":{"line":145,"column":46}},"19":{"start":{"line":146,"column":4},"end":{"line":146,"column":48}},"20":{"start":{"line":147,"column":4},"end":{"line":147,"column":52}},"21":{"start":{"line":148,"column":4},"end":{"line":148,"column":60}},"22":{"start":{"line":150,"column":4},"end":{"line":150,"column":17}}},"fnMap":{"0":{"name":"getArtifactIlvlChange","decl":{"start":{"line":67,"column":16},"end":{"line":67,"column":37}},"loc":{"start":{"line":68,"column":0},"end":{"line":70,"column":1}},"line":68},"1":{"name":"recalculateStats","decl":{"start":{"line":112,"column":16},"end":{"line":112,"column":32}},"loc":{"start":{"line":112,"column":56},"end":{"line":139,"column":1}},"line":112},"2":{"name":"getStatValue","decl":{"start":{"line":141,"column":16},"end":{"line":141,"column":28}},"loc":{"start":{"line":141,"column":45},"end":{"line":151,"column":1}},"line":141}},"branchMap":{"0":{"loc":{"start":{"line":115,"column":4},"end":{"line":136,"column":5}},"type":"if","locations":[{"start":{"line":115,"column":4},"end":{"line":136,"column":5}},{"start":{"line":115,"column":4},"end":{"line":136,"column":5}}],"line":115},"1":{"loc":{"start":{"line":122,"column":12},"end":{"line":124,"column":13}},"type":"if","locations":[{"start":{"line":122,"column":12},"end":{"line":124,"column":13}},{"start":{"line":122,"column":12},"end":{"line":124,"column":13}}],"line":122},"2":{"loc":{"start":{"line":126,"column":12},"end":{"line":128,"column":13}},"type":"if","locations":[{"start":{"line":126,"column":12},"end":{"line":128,"column":13}},{"start":{"line":126,"column":12},"end":{"line":128,"column":13}}],"line":126},"3":{"loc":{"start":{"line":126,"column":16},"end":{"line":126,"column":54}},"type":"binary-expr","locations":[{"start":{"line":126,"column":16},"end":{"line":126,"column":33}},{"start":{"line":126,"column":37},"end":{"line":126,"column":54}}],"line":126},"4":{"loc":{"start":{"line":144,"column":14},"end":{"line":144,"column":32}},"type":"binary-expr","locations":[{"start":{"line":144,"column":14},"end":{"line":144,"column":27}},{"start":{"line":144,"column":31},"end":{"line":144,"column":32}}],"line":144},"5":{"loc":{"start":{"line":145,"column":14},"end":{"line":145,"column":29}},"type":"binary-expr","locations":[{"start":{"line":145,"column":14},"end":{"line":145,"column":24}},{"start":{"line":145,"column":28},"end":{"line":145,"column":29}}],"line":145},"6":{"loc":{"start":{"line":146,"column":14},"end":{"line":146,"column":30}},"type":"binary-expr","locations":[{"start":{"line":146,"column":14},"end":{"line":146,"column":25}},{"start":{"line":146,"column":29},"end":{"line":146,"column":30}}],"line":146},"7":{"loc":{"start":{"line":147,"column":14},"end":{"line":147,"column":32}},"type":"binary-expr","locations":[{"start":{"line":147,"column":14},"end":{"line":147,"column":27}},{"start":{"line":147,"column":31},"end":{"line":147,"column":32}}],"line":147},"8":{"loc":{"start":{"line":148,"column":14},"end":{"line":148,"column":36}},"type":"binary-expr","locations":[{"start":{"line":148,"column":14},"end":{"line":148,"column":31}},{"start":{"line":148,"column":35},"end":{"line":148,"column":36}}],"line":148}},"s":{"0":2,"1":4,"2":2,"3":5,"4":4,"5":4,"6":4,"7":4,"8":4,"9":4,"10":1,"11":3,"12":1,"13":3,"14":1,"15":5,"16":5,"17":5,"18":5,"19":5,"20":5,"21":5,"22":5},"f":{"0":4,"1":5,"2":5},"b":{"0":[4,1],"1":[1,3],"2":[1,2],"3":[3,1],"4":[5,0],"5":[5,1],"6":[5,2],"7":[5,3],"8":[5,4]},"_coverageSchema":"332fd63041d2c1bcb487cc26dd0d5f7d97098a6c","hash":"2f90bc142087562270ed01d0cd4edd6e7b05b948"}
,"/home/tim/shadowcraft-ui-react/shadowcraft_ui/js/reducers/characterReducer.js": {"path":"/home/tim/shadowcraft-ui-react/shadowcraft_ui/js/reducers/characterReducer.js","statementMap":{"0":{"start":{"line":4,"column":36},"end":{"line":16,"column":1}},"1":{"start":{"line":20,"column":17},"end":{"line":27,"column":5}},"2":{"start":{"line":29,"column":4},"end":{"line":32,"column":5}},"3":{"start":{"line":30,"column":22},"end":{"line":30,"column":66}},"4":{"start":{"line":31,"column":8},"end":{"line":31,"column":86}},"5":{"start":{"line":34,"column":4},"end":{"line":34,"column":45}},"6":{"start":{"line":36,"column":4},"end":{"line":36,"column":18}},"7":{"start":{"line":39,"column":32},"end":{"line":201,"column":1}},"8":{"start":{"line":41,"column":4},"end":{"line":198,"column":5}},"9":{"start":{"line":44,"column":12},"end":{"line":44,"column":57}},"10":{"start":{"line":48,"column":12},"end":{"line":48,"column":70}},"11":{"start":{"line":54,"column":27},"end":{"line":54,"column":51}},"12":{"start":{"line":55,"column":12},"end":{"line":57,"column":13}},"13":{"start":{"line":56,"column":16},"end":{"line":56,"column":93}},"14":{"start":{"line":60,"column":12},"end":{"line":73,"column":13}},"15":{"start":{"line":62,"column":29},"end":{"line":62,"column":117}},"16":{"start":{"line":64,"column":16},"end":{"line":64,"column":83}},"17":{"start":{"line":66,"column":16},"end":{"line":66,"column":63}},"18":{"start":{"line":67,"column":16},"end":{"line":67,"column":68}},"19":{"start":{"line":68,"column":16},"end":{"line":68,"column":80}},"20":{"start":{"line":70,"column":16},"end":{"line":70,"column":62}},"21":{"start":{"line":71,"column":16},"end":{"line":71,"column":67}},"22":{"start":{"line":72,"column":16},"end":{"line":72,"column":79}},"23":{"start":{"line":75,"column":12},"end":{"line":75,"column":78}},"24":{"start":{"line":78,"column":12},"end":{"line":78,"column":61}},"25":{"start":{"line":80,"column":12},"end":{"line":80,"column":54}},"26":{"start":{"line":84,"column":12},"end":{"line":84,"column":61}},"27":{"start":{"line":88,"column":12},"end":{"line":88,"column":70}},"28":{"start":{"line":93,"column":23},"end":{"line":93,"column":69}},"29":{"start":{"line":95,"column":12},"end":{"line":95,"column":46}},"30":{"start":{"line":96,"column":12},"end":{"line":96,"column":42}},"31":{"start":{"line":97,"column":12},"end":{"line":97,"column":46}},"32":{"start":{"line":98,"column":12},"end":{"line":98,"column":62}},"33":{"start":{"line":99,"column":12},"end":{"line":99,"column":58}},"34":{"start":{"line":100,"column":12},"end":{"line":100,"column":48}},"35":{"start":{"line":101,"column":12},"end":{"line":101,"column":52}},"36":{"start":{"line":102,"column":12},"end":{"line":102,"column":52}},"37":{"start":{"line":105,"column":12},"end":{"line":105,"column":53}},"38":{"start":{"line":106,"column":12},"end":{"line":106,"column":30}},"39":{"start":{"line":108,"column":26},"end":{"line":108,"column":80}},"40":{"start":{"line":109,"column":12},"end":{"line":109,"column":27}},"41":{"start":{"line":114,"column":26},"end":{"line":116,"column":55}},"42":{"start":{"line":121,"column":12},"end":{"line":130,"column":13}},"43":{"start":{"line":122,"column":16},"end":{"line":129,"column":17}},"44":{"start":{"line":123,"column":20},"end":{"line":123,"column":39}},"45":{"start":{"line":124,"column":20},"end":{"line":124,"column":45}},"46":{"start":{"line":126,"column":21},"end":{"line":129,"column":17}},"47":{"start":{"line":127,"column":20},"end":{"line":127,"column":39}},"48":{"start":{"line":128,"column":20},"end":{"line":128,"column":45}},"49":{"start":{"line":132,"column":12},"end":{"line":137,"column":13}},"50":{"start":{"line":133,"column":16},"end":{"line":133,"column":78}},"51":{"start":{"line":136,"column":16},"end":{"line":136,"column":51}},"52":{"start":{"line":139,"column":12},"end":{"line":139,"column":77}},"53":{"start":{"line":144,"column":12},"end":{"line":145,"column":57}},"54":{"start":{"line":149,"column":12},"end":{"line":149,"column":95}},"55":{"start":{"line":154,"column":29},"end":{"line":154,"column":54}},"56":{"start":{"line":155,"column":27},"end":{"line":155,"column":32}},"57":{"start":{"line":159,"column":30},"end":{"line":159,"column":35}},"58":{"start":{"line":160,"column":31},"end":{"line":160,"column":35}},"59":{"start":{"line":161,"column":12},"end":{"line":173,"column":13}},"60":{"start":{"line":162,"column":16},"end":{"line":172,"column":17}},"61":{"start":{"line":163,"column":20},"end":{"line":165,"column":21}},"62":{"start":{"line":164,"column":24},"end":{"line":164,"column":44}},"63":{"start":{"line":167,"column":20},"end":{"line":171,"column":21}},"64":{"start":{"line":168,"column":24},"end":{"line":168,"column":43}},"65":{"start":{"line":169,"column":27},"end":{"line":171,"column":21}},"66":{"start":{"line":170,"column":24},"end":{"line":170,"column":97}},"67":{"start":{"line":176,"column":12},"end":{"line":179,"column":13}},"68":{"start":{"line":177,"column":16},"end":{"line":178,"column":66}},"69":{"start":{"line":181,"column":12},"end":{"line":186,"column":13}},"70":{"start":{"line":182,"column":16},"end":{"line":182,"column":32}},"71":{"start":{"line":185,"column":16},"end":{"line":185,"column":29}},"72":{"start":{"line":191,"column":27},"end":{"line":191,"column":84}},"73":{"start":{"line":192,"column":12},"end":{"line":192,"column":84}},"74":{"start":{"line":193,"column":12},"end":{"line":193,"column":89}},"75":{"start":{"line":194,"column":12},"end":{"line":194,"column":89}},"76":{"start":{"line":196,"column":12},"end":{"line":196,"column":28}},"77":{"start":{"line":200,"column":4},"end":{"line":200,"column":17}}},"fnMap":{"0":{"name":"makeGem","decl":{"start":{"line":18,"column":9},"end":{"line":18,"column":16}},"loc":{"start":{"line":18,"column":28},"end":{"line":37,"column":1}},"line":18},"1":{"name":"(anonymous_1)","decl":{"start":{"line":39,"column":32},"end":{"line":39,"column":33}},"loc":{"start":{"line":39,"column":62},"end":{"line":201,"column":1}},"line":39}},"branchMap":{"0":{"loc":{"start":{"line":39,"column":42},"end":{"line":39,"column":52}},"type":"default-arg","locations":[{"start":{"line":39,"column":50},"end":{"line":39,"column":52}}],"line":39},"1":{"loc":{"start":{"line":41,"column":4},"end":{"line":198,"column":5}},"type":"switch","locations":[{"start":{"line":43,"column":8},"end":{"line":45,"column":9}},{"start":{"line":47,"column":8},"end":{"line":49,"column":9}},{"start":{"line":51,"column":8},"end":{"line":81,"column":9}},{"start":{"line":83,"column":8},"end":{"line":85,"column":9}},{"start":{"line":87,"column":8},"end":{"line":89,"column":9}},{"start":{"line":91,"column":8},"end":{"line":110,"column":9}},{"start":{"line":112,"column":8},"end":{"line":140,"column":9}},{"start":{"line":142,"column":8},"end":{"line":146,"column":9}},{"start":{"line":148,"column":8},"end":{"line":150,"column":9}},{"start":{"line":152,"column":8},"end":{"line":187,"column":9}},{"start":{"line":189,"column":8},"end":{"line":197,"column":9}}],"line":41},"2":{"loc":{"start":{"line":55,"column":12},"end":{"line":57,"column":13}},"type":"if","locations":[{"start":{"line":55,"column":12},"end":{"line":57,"column":13}},{"start":{"line":55,"column":12},"end":{"line":57,"column":13}}],"line":55},"3":{"loc":{"start":{"line":60,"column":12},"end":{"line":73,"column":13}},"type":"if","locations":[{"start":{"line":60,"column":12},"end":{"line":73,"column":13}},{"start":{"line":60,"column":12},"end":{"line":73,"column":13}}],"line":60},"4":{"loc":{"start":{"line":121,"column":12},"end":{"line":130,"column":13}},"type":"if","locations":[{"start":{"line":121,"column":12},"end":{"line":130,"column":13}},{"start":{"line":121,"column":12},"end":{"line":130,"column":13}}],"line":121},"5":{"loc":{"start":{"line":122,"column":16},"end":{"line":129,"column":17}},"type":"if","locations":[{"start":{"line":122,"column":16},"end":{"line":129,"column":17}},{"start":{"line":122,"column":16},"end":{"line":129,"column":17}}],"line":122},"6":{"loc":{"start":{"line":126,"column":21},"end":{"line":129,"column":17}},"type":"if","locations":[{"start":{"line":126,"column":21},"end":{"line":129,"column":17}},{"start":{"line":126,"column":21},"end":{"line":129,"column":17}}],"line":126},"7":{"loc":{"start":{"line":132,"column":12},"end":{"line":137,"column":13}},"type":"if","locations":[{"start":{"line":132,"column":12},"end":{"line":137,"column":13}},{"start":{"line":132,"column":12},"end":{"line":137,"column":13}}],"line":132},"8":{"loc":{"start":{"line":163,"column":20},"end":{"line":165,"column":21}},"type":"if","locations":[{"start":{"line":163,"column":20},"end":{"line":165,"column":21}},{"start":{"line":163,"column":20},"end":{"line":165,"column":21}}],"line":163},"9":{"loc":{"start":{"line":167,"column":20},"end":{"line":171,"column":21}},"type":"if","locations":[{"start":{"line":167,"column":20},"end":{"line":171,"column":21}},{"start":{"line":167,"column":20},"end":{"line":171,"column":21}}],"line":167},"10":{"loc":{"start":{"line":169,"column":27},"end":{"line":171,"column":21}},"type":"if","locations":[{"start":{"line":169,"column":27},"end":{"line":171,"column":21}},{"start":{"line":169,"column":27},"end":{"line":171,"column":21}}],"line":169},"11":{"loc":{"start":{"line":169,"column":31},"end":{"line":169,"column":139}},"type":"binary-expr","locations":[{"start":{"line":169,"column":31},"end":{"line":169,"column":83}},{"start":{"line":169,"column":87},"end":{"line":169,"column":139}}],"line":169},"12":{"loc":{"start":{"line":176,"column":12},"end":{"line":179,"column":13}},"type":"if","locations":[{"start":{"line":176,"column":12},"end":{"line":179,"column":13}},{"start":{"line":176,"column":12},"end":{"line":179,"column":13}}],"line":176},"13":{"loc":{"start":{"line":176,"column":16},"end":{"line":176,"column":52}},"type":"binary-expr","locations":[{"start":{"line":176,"column":16},"end":{"line":176,"column":28}},{"start":{"line":176,"column":32},"end":{"line":176,"column":52}}],"line":176},"14":{"loc":{"start":{"line":181,"column":12},"end":{"line":186,"column":13}},"type":"if","locations":[{"start":{"line":181,"column":12},"end":{"line":186,"column":13}},{"start":{"line":181,"column":12},"end":{"line":186,"column":13}}],"line":181}},"s":{"0":1,"1":4,"2":4,"3":4,"4":4,"5":4,"6":4,"7":1,"8":20,"9":1,"10":1,"11":3,"12":3,"13":2,"14":3,"15":2,"16":2,"17":2,"18":2,"19":2,"20":2,"21":2,"22":2,"23":3,"24":3,"25":3,"26":1,"27":1,"28":1,"29":1,"30":1,"31":1,"32":1,"33":1,"34":1,"35":1,"36":1,"37":1,"38":1,"39":1,"40":1,"41":6,"42":6,"43":3,"44":1,"45":1,"46":2,"47":1,"48":1,"49":6,"50":1,"51":5,"52":6,"53":1,"54":1,"55":2,"56":2,"57":2,"58":2,"59":2,"60":6,"61":8,"62":2,"63":8,"64":1,"65":7,"66":7,"67":2,"68":1,"69":2,"70":2,"71":0,"72":1,"73":1,"74":1,"75":1,"76":1,"77":1},"f":{"0":4,"1":20},"b":{"0":[1],"1":[1,1,3,1,1,1,6,1,1,2,1],"2":[2,1],"3":[2,1],"4":[3,3],"5":[1,2],"6":[1,1],"7":[1,5],"8":[2,6],"9":[1,7],"10":[7,0],"11":[7,7],"12":[1,1],"13":[2,1],"14":[2,0]},"_coverageSchema":"332fd63041d2c1bcb487cc26dd0d5f7d97098a6c","hash":"4ae929b1ff6c12d12ef3319910662606a9357e82"}
,"/home/tim/shadowcraft-ui-react/shadowcraft_ui/js/reducers/engineReducer.js": {"path":"/home/tim/shadowcraft-ui-react/shadowcraft_ui/js/reducers/engineReducer.js","statementMap":{"0":{"start":{"line":1,"column":27},"end":{"line":37,"column":1}},"1":{"start":{"line":39,"column":33},"end":{"line":41,"column":1}},"2":{"start":{"line":43,"column":29},"end":{"line":51,"column":1}},"3":{"start":{"line":45,"column":4},"end":{"line":48,"column":5}},"4":{"start":{"line":47,"column":12},"end":{"line":47,"column":61}},"5":{"start":{"line":50,"column":4},"end":{"line":50,"column":17}}},"fnMap":{"0":{"name":"(anonymous_0)","decl":{"start":{"line":43,"column":29},"end":{"line":43,"column":30}},"loc":{"start":{"line":43,"column":75},"end":{"line":51,"column":1}},"line":43}},"branchMap":{"0":{"loc":{"start":{"line":43,"column":39},"end":{"line":43,"column":65}},"type":"default-arg","locations":[{"start":{"line":43,"column":47},"end":{"line":43,"column":65}}],"line":43},"1":{"loc":{"start":{"line":45,"column":4},"end":{"line":48,"column":5}},"type":"switch","locations":[{"start":{"line":46,"column":8},"end":{"line":47,"column":61}}],"line":45}},"s":{"0":1,"1":1,"2":1,"3":2,"4":1,"5":1},"f":{"0":2},"b":{"0":[1],"1":[1]},"_coverageSchema":"332fd63041d2c1bcb487cc26dd0d5f7d97098a6c","hash":"e6dea4211fa5d40230e8523da30792cb9eb90462"}
,"/home/tim/shadowcraft-ui-react/shadowcraft_ui/js/reducers/historyReducer.js": {"path":"/home/tim/shadowcraft-ui-react/shadowcraft_ui/js/reducers/historyReducer.js","statementMap":{"0":{"start":{"line":1,"column":35},"end":{"line":4,"column":1}},"1":{"start":{"line":6,"column":34},"end":{"line":9,"column":1}},"2":{"start":{"line":11,"column":30},"end":{"line":32,"column":1}},"3":{"start":{"line":12,"column":4},"end":{"line":29,"column":5}},"4":{"start":{"line":15,"column":12},"end":{"line":15,"column":67}},"5":{"start":{"line":19,"column":27},"end":{"line":19,"column":51}},"6":{"start":{"line":20,"column":12},"end":{"line":20,"column":68}},"7":{"start":{"line":21,"column":12},"end":{"line":26,"column":14}},"8":{"start":{"line":27,"column":12},"end":{"line":27,"column":28}},"9":{"start":{"line":31,"column":4},"end":{"line":31,"column":17}}},"fnMap":{"0":{"name":"(anonymous_0)","decl":{"start":{"line":11,"column":30},"end":{"line":11,"column":31}},"loc":{"start":{"line":11,"column":77},"end":{"line":32,"column":1}},"line":11}},"branchMap":{"0":{"loc":{"start":{"line":11,"column":40},"end":{"line":11,"column":67}},"type":"default-arg","locations":[{"start":{"line":11,"column":48},"end":{"line":11,"column":67}}],"line":11},"1":{"loc":{"start":{"line":12,"column":4},"end":{"line":29,"column":5}},"type":"switch","locations":[{"start":{"line":14,"column":8},"end":{"line":16,"column":9}},{"start":{"line":18,"column":8},"end":{"line":28,"column":9}}],"line":12}},"s":{"0":1,"1":1,"2":1,"3":3,"4":1,"5":1,"6":1,"7":1,"8":1,"9":1},"f":{"0":3},"b":{"0":[1],"1":[1,1]},"_coverageSchema":"332fd63041d2c1bcb487cc26dd0d5f7d97098a6c","hash":"14cd34f52a98b25bcadd60a8f6f61dc6c220c32f"}
,"/home/tim/shadowcraft-ui-react/shadowcraft_ui/js/reducers/settingsReducer.js": {"path":"/home/tim/shadowcraft-ui-react/shadowcraft_ui/js/reducers/settingsReducer.js","statementMap":{"0":{"start":{"line":1,"column":35},"end":{"line":5,"column":1}},"1":{"start":{"line":7,"column":31},"end":{"line":52,"column":1}},"2":{"start":{"line":9,"column":4},"end":{"line":49,"column":5}},"3":{"start":{"line":12,"column":29},"end":{"line":12,"column":61}},"4":{"start":{"line":13,"column":12},"end":{"line":13,"column":54}},"5":{"start":{"line":14,"column":27},"end":{"line":14,"column":51}},"6":{"start":{"line":15,"column":12},"end":{"line":15,"column":42}},"7":{"start":{"line":16,"column":12},"end":{"line":16,"column":28}},"8":{"start":{"line":22,"column":26},"end":{"line":22,"column":39}},"9":{"start":{"line":23,"column":12},"end":{"line":25,"column":13}},"10":{"start":{"line":24,"column":16},"end":{"line":24,"column":29}},"11":{"start":{"line":27,"column":12},"end":{"line":36,"column":13}},"12":{"start":{"line":28,"column":30},"end":{"line":28,"column":48}},"13":{"start":{"line":29,"column":16},"end":{"line":35,"column":17}},"14":{"start":{"line":30,"column":31},"end":{"line":30,"column":56}},"15":{"start":{"line":31,"column":30},"end":{"line":31,"column":39}},"16":{"start":{"line":32,"column":20},"end":{"line":34,"column":21}},"17":{"start":{"line":33,"column":24},"end":{"line":33,"column":52}},"18":{"start":{"line":38,"column":12},"end":{"line":41,"column":15}},"19":{"start":{"line":45,"column":27},"end":{"line":45,"column":32}},"20":{"start":{"line":46,"column":12},"end":{"line":46,"column":43}},"21":{"start":{"line":47,"column":12},"end":{"line":47,"column":54}},"22":{"start":{"line":51,"column":4},"end":{"line":51,"column":17}}},"fnMap":{"0":{"name":"(anonymous_0)","decl":{"start":{"line":7,"column":31},"end":{"line":7,"column":32}},"loc":{"start":{"line":7,"column":61},"end":{"line":52,"column":1}},"line":7}},"branchMap":{"0":{"loc":{"start":{"line":7,"column":41},"end":{"line":7,"column":51}},"type":"default-arg","locations":[{"start":{"line":7,"column":49},"end":{"line":7,"column":51}}],"line":7},"1":{"loc":{"start":{"line":9,"column":4},"end":{"line":49,"column":5}},"type":"switch","locations":[{"start":{"line":11,"column":8},"end":{"line":17,"column":9}},{"start":{"line":19,"column":8},"end":{"line":42,"column":9}},{"start":{"line":44,"column":8},"end":{"line":48,"column":9}}],"line":9},"2":{"loc":{"start":{"line":23,"column":12},"end":{"line":25,"column":13}},"type":"if","locations":[{"start":{"line":23,"column":12},"end":{"line":25,"column":13}},{"start":{"line":23,"column":12},"end":{"line":25,"column":13}}],"line":23},"3":{"loc":{"start":{"line":32,"column":20},"end":{"line":34,"column":21}},"type":"if","locations":[{"start":{"line":32,"column":20},"end":{"line":34,"column":21}},{"start":{"line":32,"column":20},"end":{"line":34,"column":21}}],"line":32}},"s":{"0":1,"1":1,"2":6,"3":1,"4":1,"5":1,"6":1,"7":1,"8":3,"9":3,"10":1,"11":3,"12":3,"13":3,"14":3,"15":3,"16":3,"17":2,"18":3,"19":1,"20":1,"21":1,"22":1},"f":{"0":6},"b":{"0":[1],"1":[1,3,1],"2":[1,2],"3":[2,1]},"_coverageSchema":"332fd63041d2c1bcb487cc26dd0d5f7d97098a6c","hash":"a8090e800845b8993b69c80e6eae1d499b886276"}
,"/home/tim/shadowcraft-ui-react/shadowcraft_ui/js/reducers/warningsReducer.js": {"path":"/home/tim/shadowcraft-ui-react/shadowcraft_ui/js/reducers/warningsReducer.js","statementMap":{"0":{"start":{"line":4,"column":36},"end":{"line":6,"column":1}},"1":{"start":{"line":8,"column":35},"end":{"line":11,"column":1}},"2":{"start":{"line":13,"column":31},"end":{"line":27,"column":1}},"3":{"start":{"line":14,"column":4},"end":{"line":24,"column":5}},"4":{"start":{"line":16,"column":12},"end":{"line":16,"column":54}},"5":{"start":{"line":20,"column":12},"end":{"line":22,"column":13}},"6":{"start":{"line":20,"column":45},"end":{"line":20,"column":74}},"7":{"start":{"line":21,"column":16},"end":{"line":21,"column":71}},"8":{"start":{"line":26,"column":4},"end":{"line":26,"column":17}}},"fnMap":{"0":{"name":"(anonymous_0)","decl":{"start":{"line":13,"column":31},"end":{"line":13,"column":32}},"loc":{"start":{"line":13,"column":79},"end":{"line":27,"column":1}},"line":13},"1":{"name":"(anonymous_1)","decl":{"start":{"line":20,"column":36},"end":{"line":20,"column":37}},"loc":{"start":{"line":20,"column":45},"end":{"line":20,"column":74}},"line":20}},"branchMap":{"0":{"loc":{"start":{"line":13,"column":41},"end":{"line":13,"column":69}},"type":"default-arg","locations":[{"start":{"line":13,"column":49},"end":{"line":13,"column":69}}],"line":13},"1":{"loc":{"start":{"line":14,"column":4},"end":{"line":24,"column":5}},"type":"switch","locations":[{"start":{"line":15,"column":8},"end":{"line":16,"column":54}},{"start":{"line":18,"column":8},"end":{"line":23,"column":9}}],"line":14},"2":{"loc":{"start":{"line":20,"column":12},"end":{"line":22,"column":13}},"type":"if","locations":[{"start":{"line":20,"column":12},"end":{"line":22,"column":13}},{"start":{"line":20,"column":12},"end":{"line":22,"column":13}}],"line":20}},"s":{"0":1,"1":1,"2":1,"3":4,"4":1,"5":2,"6":2,"7":1,"8":2},"f":{"0":4,"1":2},"b":{"0":[1],"1":[1,2],"2":[1,1]},"_coverageSchema":"332fd63041d2c1bcb487cc26dd0d5f7d97098a6c","hash":"8f40d4f1ac4b5801ddb9bcd168e53bc23210b748"}
}
