TN:
SF:C:\Users\mcore\Source\Repos\shadowcraft-ui-react\shadowcraft_ui\js\common.js
FN:67,getArtifactIlvlChange
FN:73,recalculateStats
FNF:2
FNH:2
FNDA:4,getArtifactIlvlChange
FNDA:5,recalculateStats
DA:1,2
DA:69,4
DA:76,5
DA:77,4
DA:78,4
DA:79,4
DA:81,4
DA:82,4
DA:83,4
DA:84,1
DA:87,3
DA:88,1
DA:91,3
DA:96,1
DA:99,5
LF:15
LH:15
BRDA:76,0,0,4
BRDA:76,0,1,1
BRDA:83,1,0,1
BRDA:83,1,1,3
BRDA:87,2,0,1
BRDA:87,2,1,2
BRDA:87,3,0,3
BRDA:87,3,1,1
BRF:8
BRH:8
end_of_record
TN:
SF:C:\Users\mcore\Source\Repos\shadowcraft-ui-react\shadowcraft_ui\js\reducers\characterReducer.js
FN:14,(anonymous_0)
FNF:1
FNH:1
FNDA:13,(anonymous_0)
DA:4,1
DA:14,1
DA:16,13
DA:19,1
DA:23,1
DA:24,1
DA:25,1
DA:29,3
DA:30,3
DA:31,2
DA:35,3
DA:37,2
DA:39,2
DA:41,2
DA:42,2
DA:43,2
DA:45,2
DA:46,2
DA:47,2
DA:50,3
DA:53,3
DA:55,3
DA:59,1
DA:65,1
DA:66,1
DA:67,1
DA:79,1
DA:80,1
DA:81,1
DA:82,1
DA:83,1
DA:84,1
DA:85,1
DA:86,1
DA:87,1
DA:88,1
DA:91,1
DA:92,1
DA:94,1
DA:95,1
DA:99,4
DA:100,4
DA:101,4
DA:102,4
DA:107,4
DA:108,3
DA:109,1
DA:110,1
DA:112,2
DA:113,1
DA:114,1
DA:118,4
DA:122,1
LF:53
LH:53
BRDA:14,0,0,1
BRDA:16,1,0,1
BRDA:16,1,1,1
BRDA:16,1,2,3
BRDA:16,1,3,1
BRDA:16,1,4,1
BRDA:16,1,5,1
BRDA:16,1,6,4
BRDA:30,2,0,2
BRDA:30,2,1,1
BRDA:35,3,0,2
BRDA:35,3,1,1
BRDA:107,4,0,3
BRDA:107,4,1,1
BRDA:108,5,0,1
BRDA:108,5,1,2
BRDA:112,6,0,1
BRDA:112,6,1,1
BRF:18
BRH:18
end_of_record
TN:
SF:C:\Users\mcore\Source\Repos\shadowcraft-ui-react\shadowcraft_ui\js\reducers\engineReducer.js
FN:43,(anonymous_0)
FNF:1
FNH:1
FNDA:2,(anonymous_0)
DA:1,1
DA:39,1
DA:43,1
DA:45,2
DA:47,1
DA:50,1
LF:6
LH:6
BRDA:43,0,0,1
BRDA:45,1,0,1
BRF:2
BRH:2
end_of_record
TN:
SF:C:\Users\mcore\Source\Repos\shadowcraft-ui-react\shadowcraft_ui\js\reducers\historyReducer.js
FN:11,(anonymous_0)
FNF:1
FNH:1
FNDA:3,(anonymous_0)
DA:1,1
DA:6,1
DA:11,1
DA:12,3
DA:14,1
DA:15,1
DA:16,1
DA:17,1
DA:21,1
DA:22,1
DA:23,1
DA:27,1
DA:31,1
LF:13
LH:13
BRDA:11,0,0,1
BRDA:12,1,0,1
BRDA:12,1,1,1
BRF:3
BRH:3
end_of_record
TN:
SF:C:\Users\mcore\Source\Repos\shadowcraft-ui-react\shadowcraft_ui\js\reducers\settingsReducer.js
FN:7,(anonymous_0)
FNF:1
FNH:1
FNDA:6,(anonymous_0)
DA:1,1
DA:7,1
DA:9,6
DA:12,1
DA:13,1
DA:14,1
DA:15,1
DA:16,1
DA:22,3
DA:23,3
DA:24,1
DA:27,3
DA:28,3
DA:29,3
DA:30,3
DA:31,3
DA:32,3
DA:33,2
DA:38,3
DA:45,1
DA:49,1
LF:21
LH:21
BRDA:7,0,0,1
BRDA:9,1,0,1
BRDA:9,1,1,3
BRDA:9,1,2,1
BRDA:23,2,0,1
BRDA:23,2,1,2
BRDA:32,3,0,2
BRDA:32,3,1,1
BRF:8
BRH:8
end_of_record
TN:
SF:C:\Users\mcore\Source\Repos\shadowcraft-ui-react\shadowcraft_ui\js\reducers\warningsReducer.js
FN:12,(anonymous_0)
FNF:1
FNH:1
FNDA:3,(anonymous_0)
DA:1,1
DA:7,1
DA:12,1
DA:13,3
DA:15,1
DA:16,1
DA:17,1
DA:20,1
DA:23,1
LF:9
LH:9
BRDA:12,0,0,1
BRDA:13,1,0,1
BRDA:13,1,1,1
BRF:3
BRH:3
end_of_record
