TN:
SF:/home/tim/shadowcraft-ui-react/shadowcraft_ui/js/common.js
FN:67,getArtifactIlvlChange
FN:112,recalculateStats
FN:141,getStatValue
FNF:3
FNH:3
FNDA:4,getArtifactIlvlChange
FNDA:5,recalculateStats
FNDA:6,getStatValue
DA:1,2
DA:69,4
DA:72,2
DA:115,5
DA:116,4
DA:117,4
DA:118,4
DA:120,4
DA:121,4
DA:122,4
DA:123,1
DA:126,3
DA:127,1
DA:130,3
DA:135,1
DA:138,5
DA:142,6
DA:144,6
DA:145,6
DA:146,6
DA:147,6
DA:148,6
DA:150,6
LF:23
LH:23
BRDA:115,0,0,4
BRDA:115,0,1,1
BRDA:122,1,0,1
BRDA:122,1,1,3
BRDA:126,2,0,1
BRDA:126,2,1,2
BRDA:126,3,0,3
BRDA:126,3,1,1
BRDA:144,4,0,6
BRDA:144,4,1,1
BRDA:145,5,0,6
BRDA:145,5,1,2
BRDA:146,6,0,6
BRDA:146,6,1,3
BRDA:147,7,0,6
BRDA:147,7,1,4
BRDA:148,8,0,6
BRDA:148,8,1,5
BRF:18
BRH:18
end_of_record
TN:
SF:/home/tim/shadowcraft-ui-react/shadowcraft_ui/js/reducers/characterReducer.js
FN:18,makeGem
FN:39,(anonymous_1)
FNF:2
FNH:2
FNDA:5,makeGem
FNDA:21,(anonymous_1)
DA:4,1
DA:20,5
DA:29,5
DA:30,5
DA:31,5
DA:34,5
DA:36,5
DA:39,1
DA:41,21
DA:44,1
DA:48,1
DA:54,3
DA:55,3
DA:56,2
DA:60,3
DA:62,2
DA:64,2
DA:66,2
DA:67,2
DA:68,2
DA:70,2
DA:71,2
DA:72,2
DA:75,3
DA:78,3
DA:80,3
DA:84,1
DA:88,1
DA:93,1
DA:95,1
DA:96,1
DA:97,1
DA:98,1
DA:99,1
DA:100,1
DA:101,1
DA:102,1
DA:105,1
DA:106,1
DA:108,1
DA:109,1
DA:114,6
DA:121,6
DA:122,3
DA:123,1
DA:124,1
DA:126,2
DA:127,1
DA:128,1
DA:132,6
DA:133,1
DA:136,5
DA:139,6
DA:144,1
DA:149,1
DA:154,3
DA:155,3
DA:159,3
DA:160,3
DA:161,3
DA:162,9
DA:163,8
DA:164,2
DA:167,8
DA:168,1
DA:169,7
DA:170,7
DA:176,3
DA:177,1
DA:181,3
DA:186,1
DA:187,1
DA:188,1
DA:189,1
DA:191,1
DA:195,1
LF:76
LH:76
BRDA:39,0,0,1
BRDA:41,1,0,1
BRDA:41,1,1,1
BRDA:41,1,2,3
BRDA:41,1,3,1
BRDA:41,1,4,1
BRDA:41,1,5,1
BRDA:41,1,6,6
BRDA:41,1,7,1
BRDA:41,1,8,1
BRDA:41,1,9,3
BRDA:41,1,10,1
BRDA:55,2,0,2
BRDA:55,2,1,1
BRDA:60,3,0,2
BRDA:60,3,1,1
BRDA:121,4,0,3
BRDA:121,4,1,3
BRDA:122,5,0,1
BRDA:122,5,1,2
BRDA:126,6,0,1
BRDA:126,6,1,1
BRDA:132,7,0,1
BRDA:132,7,1,5
BRDA:163,8,0,2
BRDA:163,8,1,6
BRDA:167,9,0,1
BRDA:167,9,1,7
BRDA:169,10,0,7
BRDA:169,10,1,0
BRDA:169,11,0,7
BRDA:169,11,1,7
BRDA:176,12,0,1
BRDA:176,12,1,2
BRDA:176,13,0,3
BRDA:176,13,1,2
BRF:36
BRH:35
end_of_record
TN:
SF:/home/tim/shadowcraft-ui-react/shadowcraft_ui/js/reducers/engineReducer.js
FN:43,(anonymous_0)
FNF:1
FNH:1
FNDA:2,(anonymous_0)
DA:1,1
DA:39,1
DA:43,1
DA:45,2
DA:47,1
DA:50,1
LF:6
LH:6
BRDA:43,0,0,1
BRDA:45,1,0,1
BRF:2
BRH:2
end_of_record
TN:
SF:/home/tim/shadowcraft-ui-react/shadowcraft_ui/js/reducers/historyReducer.js
FN:11,(anonymous_0)
FNF:1
FNH:1
FNDA:3,(anonymous_0)
DA:1,1
DA:6,1
DA:11,1
DA:12,3
DA:15,1
DA:19,1
DA:20,1
DA:21,1
DA:27,1
DA:31,1
LF:10
LH:10
BRDA:11,0,0,1
BRDA:12,1,0,1
BRDA:12,1,1,1
BRF:3
BRH:3
end_of_record
TN:
SF:/home/tim/shadowcraft-ui-react/shadowcraft_ui/js/reducers/settingsReducer.js
FN:7,(anonymous_0)
FNF:1
FNH:1
FNDA:6,(anonymous_0)
DA:1,1
DA:7,1
DA:9,6
DA:12,1
DA:13,1
DA:14,1
DA:15,1
DA:16,1
DA:22,3
DA:23,3
DA:24,1
DA:27,3
DA:28,3
DA:29,3
DA:30,3
DA:31,3
DA:32,3
DA:33,2
DA:38,3
DA:45,1
DA:46,1
DA:47,1
DA:51,1
LF:23
LH:23
BRDA:7,0,0,1
BRDA:9,1,0,1
BRDA:9,1,1,3
BRDA:9,1,2,1
BRDA:23,2,0,1
BRDA:23,2,1,2
BRDA:32,3,0,2
BRDA:32,3,1,1
BRF:8
BRH:8
end_of_record
TN:
SF:/home/tim/shadowcraft-ui-react/shadowcraft_ui/js/reducers/warningsReducer.js
FN:13,(anonymous_0)
FN:20,(anonymous_1)
FNF:2
FNH:2
FNDA:4,(anonymous_0)
FNDA:2,(anonymous_1)
DA:4,1
DA:8,1
DA:13,1
DA:14,4
DA:16,1
DA:20,2
DA:21,1
DA:26,2
LF:8
LH:8
BRDA:13,0,0,1
BRDA:14,1,0,1
BRDA:14,1,1,2
BRDA:20,2,0,1
BRDA:20,2,1,1
BRF:5
BRH:5
end_of_record
